2018-07-06 06:54:42,434 INFO [1] Program - Loading ignore directories...
2018-07-06 06:54:42,949 INFO [1] Program - Loading album subdirectories...
2018-07-06 06:54:43,301 INFO [1] Program - Loading specialty albums...
2018-07-06 06:54:44,340 INFO [1] Program - Resetting database...
2018-07-06 06:54:54,508 INFO [1] Program - Getting last scan date...
2018-07-06 06:55:33,024 INFO [1] Program - Beginning loading directories...
2018-07-06 06:55:33,039 INFO [1] Program - Loaded 48 files and directories.
2018-07-06 06:55:33,044 INFO [1] Program - Beginning scanning files and directories.
2018-07-06 06:55:33,048 INFO [1] Program - Running with maximum number of threads: 8.
2018-07-06 06:55:47,374 INFO [1] Program - Scaned 39 files.
2018-07-06 06:55:47,382 INFO [1] Program - Scaned 5 albums.
2018-07-06 06:55:47,386 INFO [1] Program - Encountered 0 errors.
2018-07-06 06:55:47,415 INFO [1] Program - Loading album subdirectories...
2018-07-06 06:55:47,445 INFO [1] Program - Loading additional album various artist...
2018-07-06 06:55:47,872 INFO [1] Program - Checking for tag errors...
2018-07-06 06:55:47,995 INFO [1] Program - Running with maximum number of threads: 4.
2018-07-06 06:55:48,000 INFO [1] Program - Loading album information.
2018-07-06 06:55:48,661 INFO [1] Program - Checking tag data.
2018-07-06 06:56:51,077 INFO [1] Program - Loading ignore directories...
2018-07-06 06:56:51,552 INFO [1] Program - Loading album subdirectories...
2018-07-06 06:56:51,857 INFO [1] Program - Loading specialty albums...
2018-07-06 06:56:52,651 INFO [1] Program - Getting last scan date...
2018-07-06 06:57:11,141 INFO [1] Program - Beginning loading directories...
2018-07-06 06:57:11,156 INFO [1] Program - Loaded 48 files and directories.
2018-07-06 06:57:11,161 INFO [1] Program - Beginning scanning files and directories.
2018-07-06 06:57:11,165 INFO [1] Program - Running with maximum number of threads: 8.
2018-07-06 06:57:11,436 INFO [1] Program - Scaned 43 files.
2018-07-06 06:57:11,441 INFO [1] Program - Scaned 5 albums.
2018-07-06 06:57:11,447 INFO [1] Program - Encountered 0 errors.
2018-07-06 06:57:11,480 INFO [1] Program - Loading album subdirectories...
2018-07-06 06:57:11,504 INFO [1] Program - Loading additional album various artist...
2018-07-06 06:57:11,997 INFO [1] Program - Checking for tag errors...
2018-07-06 06:57:12,158 INFO [1] Program - Running with maximum number of threads: 4.
2018-07-06 06:57:12,164 INFO [1] Program - Loading album information.
2018-07-06 06:57:13,529 INFO [1] Program - Checking tag data.
2018-07-06 07:00:47,740 INFO [1] Program - Loading ignore directories...
2018-07-06 07:00:48,219 INFO [1] Program - Loading album subdirectories...
2018-07-06 07:00:48,535 INFO [1] Program - Loading specialty albums...
2018-07-06 07:00:49,325 INFO [1] Program - Getting last scan date...
2018-07-06 07:00:56,258 INFO [1] Program - Beginning loading directories...
2018-07-06 07:00:56,273 INFO [1] Program - Loaded 48 files and directories.
2018-07-06 07:00:56,277 INFO [1] Program - Beginning scanning files and directories.
2018-07-06 07:00:56,281 INFO [1] Program - Running with maximum number of threads: 8.
2018-07-06 07:00:56,392 INFO [1] Program - Scaned 0 files.
2018-07-06 07:00:56,411 INFO [1] Program - Scaned 0 albums.
2018-07-06 07:00:56,415 INFO [1] Program - Encountered 0 errors.
2018-07-06 07:00:56,439 INFO [1] Program - Loading album subdirectories...
2018-07-06 07:00:56,463 INFO [1] Program - Loading additional album various artist...
2018-07-06 07:00:56,905 INFO [1] Program - Checking for tag errors...
2018-07-06 07:00:57,226 INFO [1] Program - Running with maximum number of threads: 4.
2018-07-06 07:00:57,230 INFO [1] Program - Loading album information.
2018-07-06 07:00:58,713 INFO [1] Program - Checking tag data.
2018-07-06 07:02:14,776 INFO [1] Program - Loading ignore directories...
2018-07-06 07:02:15,239 INFO [1] Program - Loading album subdirectories...
2018-07-06 07:02:15,549 INFO [1] Program - Loading specialty albums...
2018-07-06 07:02:16,471 INFO [1] Program - Getting last scan date...
2018-07-06 07:02:22,254 INFO [1] Program - Beginning loading directories...
2018-07-06 07:02:22,275 INFO [1] Program - Loaded 48 files and directories.
2018-07-06 07:02:22,279 INFO [1] Program - Beginning scanning files and directories.
2018-07-06 07:02:22,283 INFO [1] Program - Running with maximum number of threads: 8.
2018-07-06 07:02:22,512 INFO [1] Program - Scaned 0 files, skipped 43 files.
2018-07-06 07:02:22,516 INFO [1] Program - Scaned 0 albums, skipped 5 directories.
2018-07-06 07:02:22,520 INFO [1] Program - Encountered 0 errors.
2018-07-06 07:02:22,539 INFO [1] Program - Loading album subdirectories...
2018-07-06 07:02:22,557 INFO [1] Program - Loading additional album various artist...
2018-07-06 07:02:22,948 INFO [1] Program - Checking for tag errors...
2018-07-06 07:02:23,136 INFO [1] Program - Running with maximum number of threads: 4.
2018-07-06 07:02:23,141 INFO [1] Program - Loading album information.
2018-07-06 07:02:24,093 INFO [1] Program - Checking tag data.
2018-07-06 12:58:37,195 INFO [1] Program - Loading ignore directories...
2018-07-06 12:58:37,807 INFO [1] Program - Loading album subdirectories...
2018-07-06 12:58:38,171 INFO [1] Program - Loading specialty albums...
2018-07-06 12:58:39,675 INFO [1] Program - Getting last scan date...
2018-07-06 12:58:45,393 INFO [1] Program - Beginning loading directories...
2018-07-06 12:58:45,415 INFO [1] Program - Loaded 48 files and directories.
2018-07-06 12:58:45,420 INFO [1] Program - Beginning scanning files and directories.
2018-07-06 12:58:45,423 INFO [1] Program - Running with maximum number of threads: 8.
2018-07-06 12:58:45,900 INFO [1] Program - Scaned 0 files, skipped 42 files.
2018-07-06 12:58:45,905 INFO [1] Program - Scaned 0 albums, skipped 5 directories.
2018-07-06 12:58:45,908 INFO [1] Program - Encountered 0 errors.
2018-07-06 12:58:45,937 INFO [1] Program - Loading album subdirectories...
2018-07-06 12:58:45,957 INFO [1] Program - Loading additional album various artist...
2018-07-06 12:58:46,360 INFO [1] Program - Checking for tag errors...
2018-07-06 12:58:46,534 INFO [1] Program - Running with maximum number of threads: 4.
2018-07-06 12:58:46,539 INFO [1] Program - Loading album information.
2018-07-06 12:58:47,470 INFO [1] Program - Checking tag data.
2018-07-06 13:53:38,205 INFO [1] Program - Loading ignore directories...
2018-07-06 13:53:38,776 INFO [1] Program - Loading album subdirectories...
2018-07-06 13:53:39,171 INFO [1] Program - Loading specialty albums...
2018-07-06 13:53:40,116 INFO [1] Program - Getting last scan date...
2018-07-06 13:53:45,091 INFO [1] Program - Beginning loading directories...
2018-07-06 13:53:45,107 INFO [1] Program - Loaded 48 files and directories.
2018-07-06 13:53:45,111 INFO [1] Program - Beginning scanning files and directories.
2018-07-06 13:53:45,117 INFO [1] Program - Running with maximum number of threads: 8.
2018-07-06 13:53:45,496 INFO [1] Program - Scanned 0 files, skipped 42 files.
2018-07-06 13:53:45,501 INFO [1] Program - Scanned 0 albums, skipped 5 directories.
2018-07-06 13:53:45,506 INFO [1] Program - Encountered 0 errors.
2018-07-06 13:53:45,527 INFO [1] Program - Loading album subdirectories...
2018-07-06 13:53:45,546 INFO [1] Program - Loading additional album various artist...
2018-07-06 13:53:45,947 INFO [1] Program - Checking for tag errors...
2018-07-06 13:53:46,102 INFO [1] Program - Running with maximum number of threads: 4.
2018-07-06 13:53:46,108 INFO [1] Program - Loading album information.
2018-07-06 13:53:46,896 INFO [1] Program - Checking tag data.
